<?xml version="1.0" encoding="UTF-8"?>
<testsuite name="org.pitest.mutationtest.engine.gregor.mutators.MathMutatorTest" time="1.257" tests="32" errors="0" skipped="0" failures="0">
  <properties>
    <property name="java.runtime.name" value="Java(TM) SE Runtime Environment"/>
    <property name="sun.boot.library.path" value="/Library/Java/JavaVirtualMachines/jdk1.8.0_111.jdk/Contents/Home/jre/lib"/>
    <property name="java.vm.version" value="25.111-b14"/>
    <property name="gopherProxySet" value="false"/>
    <property name="java.vm.vendor" value="Oracle Corporation"/>
    <property name="maven.multiModuleProjectDirectory" value="/Users/Aaron/Documents/PIT-Enhancement"/>
    <property name="java.vendor.url" value="http://java.oracle.com/"/>
    <property name="path.separator" value=":"/>
    <property name="guice.disable.misplaced.annotation.check" value="true"/>
    <property name="java.vm.name" value="Java HotSpot(TM) 64-Bit Server VM"/>
    <property name="file.encoding.pkg" value="sun.io"/>
    <property name="user.country" value="US"/>
    <property name="sun.java.launcher" value="SUN_STANDARD"/>
    <property name="sun.os.patch.level" value="unknown"/>
    <property name="java.vm.specification.name" value="Java Virtual Machine Specification"/>
    <property name="user.dir" value="/Users/Aaron/Documents/PIT-Enhancement"/>
    <property name="java.runtime.version" value="1.8.0_111-b14"/>
    <property name="java.awt.graphicsenv" value="sun.awt.CGraphicsEnvironment"/>
    <property name="java.endorsed.dirs" value="/Library/Java/JavaVirtualMachines/jdk1.8.0_111.jdk/Contents/Home/jre/lib/endorsed"/>
    <property name="os.arch" value="x86_64"/>
    <property name="java.io.tmpdir" value="/var/folders/_c/60jwbpns03q8ynh8ncs16vtc0000gp/T/"/>
    <property name="line.separator" value="&#10;"/>
    <property name="java.vm.specification.vendor" value="Oracle Corporation"/>
    <property name="os.name" value="Mac OS X"/>
    <property name="classworlds.conf" value="/opt/apache-maven-3.5.4/bin/m2.conf"/>
    <property name="sun.jnu.encoding" value="UTF-8"/>
    <property name="java.library.path" value="/Users/Aaron/Library/Java/Extensions:/Library/Java/Extensions:/Network/Library/Java/Extensions:/System/Library/Java/Extensions:/usr/lib/java:."/>
    <property name="maven.conf" value="/opt/apache-maven-3.5.4/conf"/>
    <property name="java.specification.name" value="Java Platform API Specification"/>
    <property name="java.class.version" value="52.0"/>
    <property name="sun.management.compiler" value="HotSpot 64-Bit Tiered Compilers"/>
    <property name="os.version" value="10.14"/>
    <property name="library.jansi.path" value="/opt/apache-maven-3.5.4/lib/jansi-native"/>
    <property name="http.nonProxyHosts" value="local|*.local|169.254/16|*.169.254/16"/>
    <property name="user.home" value="/Users/Aaron"/>
    <property name="user.timezone" value="America/Chicago"/>
    <property name="java.awt.printerjob" value="sun.lwawt.macosx.CPrinterJob"/>
    <property name="java.specification.version" value="1.8"/>
    <property name="file.encoding" value="UTF-8"/>
    <property name="user.name" value="user1"/>
    <property name="java.class.path" value="/opt/apache-maven-3.5.4/boot/plexus-classworlds-2.5.2.jar"/>
    <property name="java.vm.specification.version" value="1.8"/>
    <property name="sun.arch.data.model" value="64"/>
    <property name="java.home" value="/Library/Java/JavaVirtualMachines/jdk1.8.0_111.jdk/Contents/Home/jre"/>
    <property name="sun.java.command" value="org.codehaus.plexus.classworlds.launcher.Launcher clean install"/>
    <property name="java.specification.vendor" value="Oracle Corporation"/>
    <property name="user.language" value="en"/>
    <property name="awt.toolkit" value="sun.lwawt.macosx.LWCToolkit"/>
    <property name="java.vm.info" value="mixed mode"/>
    <property name="java.version" value="1.8.0_111"/>
    <property name="java.ext.dirs" value="/Users/Aaron/Library/Java/Extensions:/Library/Java/JavaVirtualMachines/jdk1.8.0_111.jdk/Contents/Home/jre/lib/ext:/Library/Java/Extensions:/Network/Library/Java/Extensions:/System/Library/Java/Extensions:/usr/lib/java"/>
    <property name="sun.boot.class.path" value="/Library/Java/JavaVirtualMachines/jdk1.8.0_111.jdk/Contents/Home/jre/lib/resources.jar:/Library/Java/JavaVirtualMachines/jdk1.8.0_111.jdk/Contents/Home/jre/lib/rt.jar:/Library/Java/JavaVirtualMachines/jdk1.8.0_111.jdk/Contents/Home/jre/lib/sunrsasign.jar:/Library/Java/JavaVirtualMachines/jdk1.8.0_111.jdk/Contents/Home/jre/lib/jsse.jar:/Library/Java/JavaVirtualMachines/jdk1.8.0_111.jdk/Contents/Home/jre/lib/jce.jar:/Library/Java/JavaVirtualMachines/jdk1.8.0_111.jdk/Contents/Home/jre/lib/charsets.jar:/Library/Java/JavaVirtualMachines/jdk1.8.0_111.jdk/Contents/Home/jre/lib/jfr.jar:/Library/Java/JavaVirtualMachines/jdk1.8.0_111.jdk/Contents/Home/jre/classes"/>
    <property name="java.vendor" value="Oracle Corporation"/>
    <property name="maven.home" value="/opt/apache-maven-3.5.4"/>
    <property name="file.separator" value="/"/>
    <property name="java.vendor.url.bug" value="http://bugreport.sun.com/bugreport/"/>
    <property name="sun.cpu.endian" value="little"/>
    <property name="sun.io.unicode.encoding" value="UnicodeBig"/>
    <property name="socksNonProxyHosts" value="local|*.local|169.254/16|*.169.254/16"/>
    <property name="ftp.nonProxyHosts" value="local|*.local|169.254/16|*.169.254/16"/>
    <property name="sun.cpu.isalist" value=""/>
  </properties>
  <testcase name="shouldReplaceIntegerShiftLeftWithShiftRight" classname="org.pitest.mutationtest.engine.gregor.mutators.MathMutatorTest" time="0.043"/>
  <testcase name="shouldReplaceIntegerShiftRightWithShiftLeft" classname="org.pitest.mutationtest.engine.gregor.mutators.MathMutatorTest" time="0.039"/>
  <testcase name="shouldReplaceFloatDivisionWithMultiplication" classname="org.pitest.mutationtest.engine.gregor.mutators.MathMutatorTest" time="0.037"/>
  <testcase name="shouldReplaceLongShiftLeftWithShiftRight" classname="org.pitest.mutationtest.engine.gregor.mutators.MathMutatorTest" time="0.035"/>
  <testcase name="shouldReplaceLongShiftRightWithShiftLeft" classname="org.pitest.mutationtest.engine.gregor.mutators.MathMutatorTest" time="0.037"/>
  <testcase name="shouldReplaceFloatMultiplicationWithDivision" classname="org.pitest.mutationtest.engine.gregor.mutators.MathMutatorTest" time="0.039"/>
  <testcase name="shouldReplaceLongXORWithAND" classname="org.pitest.mutationtest.engine.gregor.mutators.MathMutatorTest" time="0.038"/>
  <testcase name="shouldReplaceIntegerModulusWithMultiplication" classname="org.pitest.mutationtest.engine.gregor.mutators.MathMutatorTest" time="0.037"/>
  <testcase name="shouldReplaceIntegerUnsignedShiftRightWithShiftLeft" classname="org.pitest.mutationtest.engine.gregor.mutators.MathMutatorTest" time="0.036"/>
  <testcase name="shouldReplaceIntegerXORWithAND" classname="org.pitest.mutationtest.engine.gregor.mutators.MathMutatorTest" time="0.037"/>
  <testcase name="shouldReplaceLongDivisionWithMultiplication" classname="org.pitest.mutationtest.engine.gregor.mutators.MathMutatorTest" time="0.034"/>
  <testcase name="shouldReplaceIntegerDivisionWithMultiplication" classname="org.pitest.mutationtest.engine.gregor.mutators.MathMutatorTest" time="0.036"/>
  <testcase name="shouldReplaceLongModulusWithMultiplication" classname="org.pitest.mutationtest.engine.gregor.mutators.MathMutatorTest" time="0.035"/>
  <testcase name="shouldReplaceIntegerBitwiseAndsWithOrs" classname="org.pitest.mutationtest.engine.gregor.mutators.MathMutatorTest" time="0.035"/>
  <testcase name="shouldReplaceLongBitwiseAndsWithOrs" classname="org.pitest.mutationtest.engine.gregor.mutators.MathMutatorTest" time="0.045"/>
  <testcase name="shouldReplaceLongUnsignedShiftRightWithShiftLeft" classname="org.pitest.mutationtest.engine.gregor.mutators.MathMutatorTest" time="0.033"/>
  <testcase name="shouldReplaceIntegerBitwiseOrsWithAnds" classname="org.pitest.mutationtest.engine.gregor.mutators.MathMutatorTest" time="0.043"/>
  <testcase name="shouldReplaceLongBitwiseOrsWithAnds" classname="org.pitest.mutationtest.engine.gregor.mutators.MathMutatorTest" time="0.038"/>
  <testcase name="shouldReplaceLongMultiplicationWithDivision" classname="org.pitest.mutationtest.engine.gregor.mutators.MathMutatorTest" time="0.047"/>
  <testcase name="shouldReplaceIntegerMultiplicationWithDivision" classname="org.pitest.mutationtest.engine.gregor.mutators.MathMutatorTest" time="0.038"/>
  <testcase name="shouldReplaceDoubleDivisionWithMultiplication" classname="org.pitest.mutationtest.engine.gregor.mutators.MathMutatorTest" time="0.036"/>
  <testcase name="shouldReplaceDoubleAdditionWithSubtraction" classname="org.pitest.mutationtest.engine.gregor.mutators.MathMutatorTest" time="0.034"/>
  <testcase name="shouldReplaceFloatModulusWithMultiplication" classname="org.pitest.mutationtest.engine.gregor.mutators.MathMutatorTest" time="0.036"/>
  <testcase name="shouldReplaceIntegerAdditionWithSubtraction" classname="org.pitest.mutationtest.engine.gregor.mutators.MathMutatorTest" time="0.034"/>
  <testcase name="shouldReplaceDoubleSubtractionWithAddition" classname="org.pitest.mutationtest.engine.gregor.mutators.MathMutatorTest" time="0.034"/>
  <testcase name="shouldReplaceIntegerSubtractionWithAddition" classname="org.pitest.mutationtest.engine.gregor.mutators.MathMutatorTest" time="0.035"/>
  <testcase name="shouldReplaceFloatAdditionWithSubtraction" classname="org.pitest.mutationtest.engine.gregor.mutators.MathMutatorTest" time="0.033"/>
  <testcase name="shouldReplaceDoublerModulusWithMultiplication" classname="org.pitest.mutationtest.engine.gregor.mutators.MathMutatorTest" time="0.042"/>
  <testcase name="shouldReplaceLongAdditionWithSubtraction" classname="org.pitest.mutationtest.engine.gregor.mutators.MathMutatorTest" time="0.062"/>
  <testcase name="shouldReplaceFloatSubtractionWithAddition" classname="org.pitest.mutationtest.engine.gregor.mutators.MathMutatorTest" time="0.06"/>
  <testcase name="shouldReplaceLongSubtractionWithAddition" classname="org.pitest.mutationtest.engine.gregor.mutators.MathMutatorTest" time="0.049"/>
  <testcase name="shouldReplaceDoubleMultiplicationWithDivision" classname="org.pitest.mutationtest.engine.gregor.mutators.MathMutatorTest" time="0.04"/>
</testsuite>