<?xml version="1.0" encoding="UTF-8"?>
<testsuite name="org.pitest.mutationtest.engine.gregor.mutators.RemoveConditionalMutatorTest" time="2.221" tests="69" errors="0" skipped="0" failures="0">
  <properties>
    <property name="java.runtime.name" value="Java(TM) SE Runtime Environment"/>
    <property name="sun.boot.library.path" value="/Library/Java/JavaVirtualMachines/jdk1.8.0_111.jdk/Contents/Home/jre/lib"/>
    <property name="java.vm.version" value="25.111-b14"/>
    <property name="gopherProxySet" value="false"/>
    <property name="java.vm.vendor" value="Oracle Corporation"/>
    <property name="maven.multiModuleProjectDirectory" value="/Users/Aaron/Documents/PIT-Enhancement"/>
    <property name="java.vendor.url" value="http://java.oracle.com/"/>
    <property name="path.separator" value=":"/>
    <property name="guice.disable.misplaced.annotation.check" value="true"/>
    <property name="java.vm.name" value="Java HotSpot(TM) 64-Bit Server VM"/>
    <property name="file.encoding.pkg" value="sun.io"/>
    <property name="user.country" value="US"/>
    <property name="sun.java.launcher" value="SUN_STANDARD"/>
    <property name="sun.os.patch.level" value="unknown"/>
    <property name="java.vm.specification.name" value="Java Virtual Machine Specification"/>
    <property name="user.dir" value="/Users/Aaron/Documents/PIT-Enhancement"/>
    <property name="java.runtime.version" value="1.8.0_111-b14"/>
    <property name="java.awt.graphicsenv" value="sun.awt.CGraphicsEnvironment"/>
    <property name="java.endorsed.dirs" value="/Library/Java/JavaVirtualMachines/jdk1.8.0_111.jdk/Contents/Home/jre/lib/endorsed"/>
    <property name="os.arch" value="x86_64"/>
    <property name="java.io.tmpdir" value="/var/folders/_c/60jwbpns03q8ynh8ncs16vtc0000gp/T/"/>
    <property name="line.separator" value="&#10;"/>
    <property name="java.vm.specification.vendor" value="Oracle Corporation"/>
    <property name="os.name" value="Mac OS X"/>
    <property name="classworlds.conf" value="/opt/apache-maven-3.5.4/bin/m2.conf"/>
    <property name="sun.jnu.encoding" value="UTF-8"/>
    <property name="java.library.path" value="/Users/Aaron/Library/Java/Extensions:/Library/Java/Extensions:/Network/Library/Java/Extensions:/System/Library/Java/Extensions:/usr/lib/java:."/>
    <property name="maven.conf" value="/opt/apache-maven-3.5.4/conf"/>
    <property name="java.specification.name" value="Java Platform API Specification"/>
    <property name="java.class.version" value="52.0"/>
    <property name="sun.management.compiler" value="HotSpot 64-Bit Tiered Compilers"/>
    <property name="os.version" value="10.14"/>
    <property name="library.jansi.path" value="/opt/apache-maven-3.5.4/lib/jansi-native"/>
    <property name="http.nonProxyHosts" value="local|*.local|169.254/16|*.169.254/16"/>
    <property name="user.home" value="/Users/Aaron"/>
    <property name="user.timezone" value="America/Chicago"/>
    <property name="java.awt.printerjob" value="sun.lwawt.macosx.CPrinterJob"/>
    <property name="java.specification.version" value="1.8"/>
    <property name="file.encoding" value="UTF-8"/>
    <property name="user.name" value="user1"/>
    <property name="java.class.path" value="/opt/apache-maven-3.5.4/boot/plexus-classworlds-2.5.2.jar"/>
    <property name="java.vm.specification.version" value="1.8"/>
    <property name="sun.arch.data.model" value="64"/>
    <property name="java.home" value="/Library/Java/JavaVirtualMachines/jdk1.8.0_111.jdk/Contents/Home/jre"/>
    <property name="sun.java.command" value="org.codehaus.plexus.classworlds.launcher.Launcher clean install"/>
    <property name="java.specification.vendor" value="Oracle Corporation"/>
    <property name="user.language" value="en"/>
    <property name="awt.toolkit" value="sun.lwawt.macosx.LWCToolkit"/>
    <property name="java.vm.info" value="mixed mode"/>
    <property name="java.version" value="1.8.0_111"/>
    <property name="java.ext.dirs" value="/Users/Aaron/Library/Java/Extensions:/Library/Java/JavaVirtualMachines/jdk1.8.0_111.jdk/Contents/Home/jre/lib/ext:/Library/Java/Extensions:/Network/Library/Java/Extensions:/System/Library/Java/Extensions:/usr/lib/java"/>
    <property name="sun.boot.class.path" value="/Library/Java/JavaVirtualMachines/jdk1.8.0_111.jdk/Contents/Home/jre/lib/resources.jar:/Library/Java/JavaVirtualMachines/jdk1.8.0_111.jdk/Contents/Home/jre/lib/rt.jar:/Library/Java/JavaVirtualMachines/jdk1.8.0_111.jdk/Contents/Home/jre/lib/sunrsasign.jar:/Library/Java/JavaVirtualMachines/jdk1.8.0_111.jdk/Contents/Home/jre/lib/jsse.jar:/Library/Java/JavaVirtualMachines/jdk1.8.0_111.jdk/Contents/Home/jre/lib/jce.jar:/Library/Java/JavaVirtualMachines/jdk1.8.0_111.jdk/Contents/Home/jre/lib/charsets.jar:/Library/Java/JavaVirtualMachines/jdk1.8.0_111.jdk/Contents/Home/jre/lib/jfr.jar:/Library/Java/JavaVirtualMachines/jdk1.8.0_111.jdk/Contents/Home/jre/classes"/>
    <property name="java.vendor" value="Oracle Corporation"/>
    <property name="maven.home" value="/opt/apache-maven-3.5.4"/>
    <property name="file.separator" value="/"/>
    <property name="java.vendor.url.bug" value="http://bugreport.sun.com/bugreport/"/>
    <property name="sun.cpu.endian" value="little"/>
    <property name="sun.io.unicode.encoding" value="UnicodeBig"/>
    <property name="socksNonProxyHosts" value="local|*.local|169.254/16|*.169.254/16"/>
    <property name="ftp.nonProxyHosts" value="local|*.local|169.254/16|*.169.254/16"/>
    <property name="sun.cpu.isalist" value=""/>
  </properties>
  <testcase name="shouldNotReplaceIFLE_EQUAL_F" classname="org.pitest.mutationtest.engine.gregor.mutators.RemoveConditionalMutatorTest" time="0.013"/>
  <testcase name="shouldNotReplaceIFLE_EQUAL_T" classname="org.pitest.mutationtest.engine.gregor.mutators.RemoveConditionalMutatorTest" time="0.011"/>
  <testcase name="shouldReplaceIF_ACMPNE_EQUAL_F" classname="org.pitest.mutationtest.engine.gregor.mutators.RemoveConditionalMutatorTest" time="0.034"/>
  <testcase name="shouldReplaceIF_ACMPNE_EQUAL_T" classname="org.pitest.mutationtest.engine.gregor.mutators.RemoveConditionalMutatorTest" time="0.033"/>
  <testcase name="shouldReplaceIF_ICMPNE_EQUAL_F" classname="org.pitest.mutationtest.engine.gregor.mutators.RemoveConditionalMutatorTest" time="0.055"/>
  <testcase name="shouldReplaceIF_ICMPNE_EQUAL_T" classname="org.pitest.mutationtest.engine.gregor.mutators.RemoveConditionalMutatorTest" time="0.056"/>
  <testcase name="shouldReplaceIF_ACMPNE_ORDER_F" classname="org.pitest.mutationtest.engine.gregor.mutators.RemoveConditionalMutatorTest" time="0.01"/>
  <testcase name="shouldReplaceIF_ACMPNE_ORDER_T" classname="org.pitest.mutationtest.engine.gregor.mutators.RemoveConditionalMutatorTest" time="0.011"/>
  <testcase name="shouldReplaceIFEQ_EQUAL_F" classname="org.pitest.mutationtest.engine.gregor.mutators.RemoveConditionalMutatorTest" time="0.033"/>
  <testcase name="shouldReplaceIFEQ_EQUAL_T" classname="org.pitest.mutationtest.engine.gregor.mutators.RemoveConditionalMutatorTest" time="0.034"/>
  <testcase name="shouldDescribeReplacementOfOrderCheckWithFalse" classname="org.pitest.mutationtest.engine.gregor.mutators.RemoveConditionalMutatorTest" time="0.011"/>
  <testcase name="shouldReplaceIFGE_ORDER_F" classname="org.pitest.mutationtest.engine.gregor.mutators.RemoveConditionalMutatorTest" time="0.034"/>
  <testcase name="shouldReplaceIFGE_ORDER_T" classname="org.pitest.mutationtest.engine.gregor.mutators.RemoveConditionalMutatorTest" time="0.034"/>
  <testcase name="shouldReplaceIF_ICMPNE_ORDER_F" classname="org.pitest.mutationtest.engine.gregor.mutators.RemoveConditionalMutatorTest" time="0.01"/>
  <testcase name="shouldReplaceIF_ICMPNE_ORDER_T" classname="org.pitest.mutationtest.engine.gregor.mutators.RemoveConditionalMutatorTest" time="0.009"/>
  <testcase name="shouldReplaceIF_ICMPGT_ORDER_F" classname="org.pitest.mutationtest.engine.gregor.mutators.RemoveConditionalMutatorTest" time="0.058"/>
  <testcase name="shouldReplaceIF_ICMPGT_ORDER_T" classname="org.pitest.mutationtest.engine.gregor.mutators.RemoveConditionalMutatorTest" time="0.053"/>
  <testcase name="shouldNotReplaceIF_ICMPGE_EQUAL_F" classname="org.pitest.mutationtest.engine.gregor.mutators.RemoveConditionalMutatorTest" time="0.012"/>
  <testcase name="shouldNotReplaceIF_ICMPGE_EQUAL_T" classname="org.pitest.mutationtest.engine.gregor.mutators.RemoveConditionalMutatorTest" time="0.011"/>
  <testcase name="shouldReplaceIFNULL_EQUAL_F" classname="org.pitest.mutationtest.engine.gregor.mutators.RemoveConditionalMutatorTest" time="0.033"/>
  <testcase name="shouldReplaceIFNULL_EQUAL_T" classname="org.pitest.mutationtest.engine.gregor.mutators.RemoveConditionalMutatorTest" time="0.034"/>
  <testcase name="shouldNotReplaceIFGE_EQUAL_F" classname="org.pitest.mutationtest.engine.gregor.mutators.RemoveConditionalMutatorTest" time="0.01"/>
  <testcase name="shouldNotReplaceIFGE_EQUAL_T" classname="org.pitest.mutationtest.engine.gregor.mutators.RemoveConditionalMutatorTest" time="0.01"/>
  <testcase name="shouldReplaceIF_ICMPLE_ORDER_F" classname="org.pitest.mutationtest.engine.gregor.mutators.RemoveConditionalMutatorTest" time="0.07"/>
  <testcase name="shouldReplaceIF_ICMPLE_ORDER_T" classname="org.pitest.mutationtest.engine.gregor.mutators.RemoveConditionalMutatorTest" time="0.106"/>
  <testcase name="shouldReplaceIFNULL_ORDER_F" classname="org.pitest.mutationtest.engine.gregor.mutators.RemoveConditionalMutatorTest" time="0.012"/>
  <testcase name="shouldReplaceIFNULL_ORDER_T" classname="org.pitest.mutationtest.engine.gregor.mutators.RemoveConditionalMutatorTest" time="0.011"/>
  <testcase name="shouldNotReplaceIFEQ_ORDER_F" classname="org.pitest.mutationtest.engine.gregor.mutators.RemoveConditionalMutatorTest" time="0.01"/>
  <testcase name="shouldNotReplaceIFEQ_ORDER_T" classname="org.pitest.mutationtest.engine.gregor.mutators.RemoveConditionalMutatorTest" time="0.011"/>
  <testcase name="shouldReplaceIF_ACMPEQ_EQUAL_F" classname="org.pitest.mutationtest.engine.gregor.mutators.RemoveConditionalMutatorTest" time="0.035"/>
  <testcase name="shouldReplaceIF_ACMPEQ_EQUAL_T" classname="org.pitest.mutationtest.engine.gregor.mutators.RemoveConditionalMutatorTest" time="0.033"/>
  <testcase name="shouldReplaceIF_ICMPEQ_EQUAL_F" classname="org.pitest.mutationtest.engine.gregor.mutators.RemoveConditionalMutatorTest" time="0.057"/>
  <testcase name="shouldReplaceIF_ICMPEQ_EQUAL_T" classname="org.pitest.mutationtest.engine.gregor.mutators.RemoveConditionalMutatorTest" time="0.053"/>
  <testcase name="shouldReplaceIF_ACMPEQ_ORDER_F" classname="org.pitest.mutationtest.engine.gregor.mutators.RemoveConditionalMutatorTest" time="0.01"/>
  <testcase name="shouldReplaceIF_ACMPEQ_ORDER_T" classname="org.pitest.mutationtest.engine.gregor.mutators.RemoveConditionalMutatorTest" time="0.01"/>
  <testcase name="shouldReplaceIF_ICMPGE_ORDER_F" classname="org.pitest.mutationtest.engine.gregor.mutators.RemoveConditionalMutatorTest" time="0.056"/>
  <testcase name="shouldReplaceIF_ICMPGE_ORDER_T" classname="org.pitest.mutationtest.engine.gregor.mutators.RemoveConditionalMutatorTest" time="0.056"/>
  <testcase name="shouldReplaceIF_ICMPEQ_ORDER_F" classname="org.pitest.mutationtest.engine.gregor.mutators.RemoveConditionalMutatorTest" time="0.01"/>
  <testcase name="shouldReplaceIF_ICMPEQ_ORDER_T" classname="org.pitest.mutationtest.engine.gregor.mutators.RemoveConditionalMutatorTest" time="0.01"/>
  <testcase name="shouldReplaceIFLT_ORDER_T" classname="org.pitest.mutationtest.engine.gregor.mutators.RemoveConditionalMutatorTest" time="0.038"/>
  <testcase name="shouldDescribeReplacementOfOrderCheckWithTrue" classname="org.pitest.mutationtest.engine.gregor.mutators.RemoveConditionalMutatorTest" time="0.011"/>
  <testcase name="shouldNotReplaceIF_ICMPLT_EQUAL_F" classname="org.pitest.mutationtest.engine.gregor.mutators.RemoveConditionalMutatorTest" time="0.011"/>
  <testcase name="shouldNotReplaceIF_ICMPLT_EQUAL_T" classname="org.pitest.mutationtest.engine.gregor.mutators.RemoveConditionalMutatorTest" time="0.011"/>
  <testcase name="shouldNotReplaceIFLT_EQUAL_F" classname="org.pitest.mutationtest.engine.gregor.mutators.RemoveConditionalMutatorTest" time="0.01"/>
  <testcase name="shouldNotReplaceIFLT_EQUAL_T" classname="org.pitest.mutationtest.engine.gregor.mutators.RemoveConditionalMutatorTest" time="0.01"/>
  <testcase name="shouldReplaceIFNONNULL_EQUAL_F" classname="org.pitest.mutationtest.engine.gregor.mutators.RemoveConditionalMutatorTest" time="0.04"/>
  <testcase name="shouldReplaceIFNONNULL_EQUAL_T" classname="org.pitest.mutationtest.engine.gregor.mutators.RemoveConditionalMutatorTest" time="0.043"/>
  <testcase name="shouldReplaceIFNE_EQUAL_F" classname="org.pitest.mutationtest.engine.gregor.mutators.RemoveConditionalMutatorTest" time="0.036"/>
  <testcase name="shouldReplaceIFNE_EQUAL_T" classname="org.pitest.mutationtest.engine.gregor.mutators.RemoveConditionalMutatorTest" time="0.033"/>
  <testcase name="shouldDescribeReplacementOfEqualityChecksWithFalse" classname="org.pitest.mutationtest.engine.gregor.mutators.RemoveConditionalMutatorTest" time="0.013"/>
  <testcase name="shouldProvideAMeaningfulName" classname="org.pitest.mutationtest.engine.gregor.mutators.RemoveConditionalMutatorTest" time="0"/>
  <testcase name="shouldReplaceIFNONNULL_ORDER_F" classname="org.pitest.mutationtest.engine.gregor.mutators.RemoveConditionalMutatorTest" time="0.012"/>
  <testcase name="shouldReplaceIFNONNULL_ORDER_T" classname="org.pitest.mutationtest.engine.gregor.mutators.RemoveConditionalMutatorTest" time="0.012"/>
  <testcase name="shouldReplaceIFNE_ORDER_F" classname="org.pitest.mutationtest.engine.gregor.mutators.RemoveConditionalMutatorTest" time="0.011"/>
  <testcase name="shouldReplaceIFNE_ORDER_T" classname="org.pitest.mutationtest.engine.gregor.mutators.RemoveConditionalMutatorTest" time="0.012"/>
  <testcase name="shouldReplaceIFGT_ORDER_F" classname="org.pitest.mutationtest.engine.gregor.mutators.RemoveConditionalMutatorTest" time="0.035"/>
  <testcase name="shouldReplaceIFGT_ORDER_T" classname="org.pitest.mutationtest.engine.gregor.mutators.RemoveConditionalMutatorTest" time="0.038"/>
  <testcase name="shouldNotReplaceIF_ICMPGT_EQUAL_F" classname="org.pitest.mutationtest.engine.gregor.mutators.RemoveConditionalMutatorTest" time="0.011"/>
  <testcase name="shouldNotReplaceIF_ICMPGT_EQUAL_T" classname="org.pitest.mutationtest.engine.gregor.mutators.RemoveConditionalMutatorTest" time="0.011"/>
  <testcase name="shouldReplaceIFLT_ORDER_T_F" classname="org.pitest.mutationtest.engine.gregor.mutators.RemoveConditionalMutatorTest" time="0.042"/>
  <testcase name="shouldReplaceIFLE_ORDER_F" classname="org.pitest.mutationtest.engine.gregor.mutators.RemoveConditionalMutatorTest" time="0.039"/>
  <testcase name="shouldReplaceIFLE_ORDER_T" classname="org.pitest.mutationtest.engine.gregor.mutators.RemoveConditionalMutatorTest" time="0.039"/>
  <testcase name="shouldNotReplaceIFGT_EQUAL_F" classname="org.pitest.mutationtest.engine.gregor.mutators.RemoveConditionalMutatorTest" time="0.013"/>
  <testcase name="shouldNotReplaceIFGT_EQUAL_T" classname="org.pitest.mutationtest.engine.gregor.mutators.RemoveConditionalMutatorTest" time="0.011"/>
  <testcase name="shouldReplaceIF_ICMPLT_ORDER_F" classname="org.pitest.mutationtest.engine.gregor.mutators.RemoveConditionalMutatorTest" time="0.065"/>
  <testcase name="shouldReplaceIF_ICMPLT_ORDER_T" classname="org.pitest.mutationtest.engine.gregor.mutators.RemoveConditionalMutatorTest" time="0.405"/>
  <testcase name="shouldNotReplaceIF_ICMPLE_EQUAL_F" classname="org.pitest.mutationtest.engine.gregor.mutators.RemoveConditionalMutatorTest" time="0.016"/>
  <testcase name="shouldNotReplaceIF_ICMPLE_EQUAL_T" classname="org.pitest.mutationtest.engine.gregor.mutators.RemoveConditionalMutatorTest" time="0.017"/>
  <testcase name="shouldDescribeReplacementOfEqualityChecksWithTrue" classname="org.pitest.mutationtest.engine.gregor.mutators.RemoveConditionalMutatorTest" time="0.017"/>
</testsuite>