<?xml version="1.0" encoding="UTF-8"?>
<testsuite name="org.pitest.mutationtest.commandline.OptionsParserTest" time="0.484" tests="61" errors="0" skipped="0" failures="0">
  <properties>
    <property name="java.runtime.name" value="Java(TM) SE Runtime Environment"/>
    <property name="sun.boot.library.path" value="/Library/Java/JavaVirtualMachines/jdk1.8.0_111.jdk/Contents/Home/jre/lib"/>
    <property name="java.vm.version" value="25.111-b14"/>
    <property name="gopherProxySet" value="false"/>
    <property name="java.vm.vendor" value="Oracle Corporation"/>
    <property name="maven.multiModuleProjectDirectory" value="/Users/Aaron/Documents/PIT-Enhancement"/>
    <property name="java.vendor.url" value="http://java.oracle.com/"/>
    <property name="path.separator" value=":"/>
    <property name="guice.disable.misplaced.annotation.check" value="true"/>
    <property name="java.vm.name" value="Java HotSpot(TM) 64-Bit Server VM"/>
    <property name="file.encoding.pkg" value="sun.io"/>
    <property name="user.country" value="US"/>
    <property name="sun.java.launcher" value="SUN_STANDARD"/>
    <property name="sun.os.patch.level" value="unknown"/>
    <property name="java.vm.specification.name" value="Java Virtual Machine Specification"/>
    <property name="user.dir" value="/Users/Aaron/Documents/PIT-Enhancement"/>
    <property name="java.runtime.version" value="1.8.0_111-b14"/>
    <property name="java.awt.graphicsenv" value="sun.awt.CGraphicsEnvironment"/>
    <property name="java.endorsed.dirs" value="/Library/Java/JavaVirtualMachines/jdk1.8.0_111.jdk/Contents/Home/jre/lib/endorsed"/>
    <property name="os.arch" value="x86_64"/>
    <property name="java.io.tmpdir" value="/var/folders/_c/60jwbpns03q8ynh8ncs16vtc0000gp/T/"/>
    <property name="line.separator" value="&#10;"/>
    <property name="java.vm.specification.vendor" value="Oracle Corporation"/>
    <property name="os.name" value="Mac OS X"/>
    <property name="classworlds.conf" value="/opt/apache-maven-3.5.4/bin/m2.conf"/>
    <property name="sun.jnu.encoding" value="UTF-8"/>
    <property name="java.library.path" value="/Users/Aaron/Library/Java/Extensions:/Library/Java/Extensions:/Network/Library/Java/Extensions:/System/Library/Java/Extensions:/usr/lib/java:."/>
    <property name="maven.conf" value="/opt/apache-maven-3.5.4/conf"/>
    <property name="java.specification.name" value="Java Platform API Specification"/>
    <property name="java.class.version" value="52.0"/>
    <property name="sun.management.compiler" value="HotSpot 64-Bit Tiered Compilers"/>
    <property name="os.version" value="10.14"/>
    <property name="library.jansi.path" value="/opt/apache-maven-3.5.4/lib/jansi-native"/>
    <property name="http.nonProxyHosts" value="local|*.local|169.254/16|*.169.254/16"/>
    <property name="user.home" value="/Users/Aaron"/>
    <property name="user.timezone" value="America/Chicago"/>
    <property name="java.awt.printerjob" value="sun.lwawt.macosx.CPrinterJob"/>
    <property name="java.specification.version" value="1.8"/>
    <property name="file.encoding" value="UTF-8"/>
    <property name="user.name" value="user1"/>
    <property name="java.class.path" value="/opt/apache-maven-3.5.4/boot/plexus-classworlds-2.5.2.jar"/>
    <property name="java.vm.specification.version" value="1.8"/>
    <property name="sun.arch.data.model" value="64"/>
    <property name="java.home" value="/Library/Java/JavaVirtualMachines/jdk1.8.0_111.jdk/Contents/Home/jre"/>
    <property name="sun.java.command" value="org.codehaus.plexus.classworlds.launcher.Launcher clean install"/>
    <property name="java.specification.vendor" value="Oracle Corporation"/>
    <property name="user.language" value="en"/>
    <property name="awt.toolkit" value="sun.lwawt.macosx.LWCToolkit"/>
    <property name="java.vm.info" value="mixed mode"/>
    <property name="java.version" value="1.8.0_111"/>
    <property name="java.ext.dirs" value="/Users/Aaron/Library/Java/Extensions:/Library/Java/JavaVirtualMachines/jdk1.8.0_111.jdk/Contents/Home/jre/lib/ext:/Library/Java/Extensions:/Network/Library/Java/Extensions:/System/Library/Java/Extensions:/usr/lib/java"/>
    <property name="sun.boot.class.path" value="/Library/Java/JavaVirtualMachines/jdk1.8.0_111.jdk/Contents/Home/jre/lib/resources.jar:/Library/Java/JavaVirtualMachines/jdk1.8.0_111.jdk/Contents/Home/jre/lib/rt.jar:/Library/Java/JavaVirtualMachines/jdk1.8.0_111.jdk/Contents/Home/jre/lib/sunrsasign.jar:/Library/Java/JavaVirtualMachines/jdk1.8.0_111.jdk/Contents/Home/jre/lib/jsse.jar:/Library/Java/JavaVirtualMachines/jdk1.8.0_111.jdk/Contents/Home/jre/lib/jce.jar:/Library/Java/JavaVirtualMachines/jdk1.8.0_111.jdk/Contents/Home/jre/lib/charsets.jar:/Library/Java/JavaVirtualMachines/jdk1.8.0_111.jdk/Contents/Home/jre/lib/jfr.jar:/Library/Java/JavaVirtualMachines/jdk1.8.0_111.jdk/Contents/Home/jre/classes"/>
    <property name="java.vendor" value="Oracle Corporation"/>
    <property name="maven.home" value="/opt/apache-maven-3.5.4"/>
    <property name="file.separator" value="/"/>
    <property name="java.vendor.url.bug" value="http://bugreport.sun.com/bugreport/"/>
    <property name="sun.cpu.endian" value="little"/>
    <property name="sun.io.unicode.encoding" value="UnicodeBig"/>
    <property name="sun.font.fontmanager" value="sun.font.CFontManager"/>
    <property name="socksNonProxyHosts" value="local|*.local|169.254/16|*.169.254/16"/>
    <property name="ftp.nonProxyHosts" value="local|*.local|169.254/16|*.169.254/16"/>
    <property name="sun.cpu.isalist" value=""/>
  </properties>
  <testcase name="shouldIncludeLaunchClasspathByDefault" classname="org.pitest.mutationtest.commandline.OptionsParserTest" time="0.267"/>
  <testcase name="shouldFailWhenNoMutationsSetByDefault" classname="org.pitest.mutationtest.commandline.OptionsParserTest" time="0.003"/>
  <testcase name="shouldDefaultMutationUnitSizeToCorrectValue" classname="org.pitest.mutationtest.commandline.OptionsParserTest" time="0.005"/>
  <testcase name="shouldIncludeLaunchClasspathWhenFlag" classname="org.pitest.mutationtest.commandline.OptionsParserTest" time="0.004"/>
  <testcase name="shouldDefaultToHtmlReportWhenNoOutputFormatsSpecified" classname="org.pitest.mutationtest.commandline.OptionsParserTest" time="0.003"/>
  <testcase name="shouldParseVerboseFlag" classname="org.pitest.mutationtest.commandline.OptionsParserTest" time="0.004"/>
  <testcase name="shouldDefaultToGregorEngineWhenNoOptionSupplied" classname="org.pitest.mutationtest.commandline.OptionsParserTest" time="0.003"/>
  <testcase name="shouldParseHistoryOutputLocation" classname="org.pitest.mutationtest.commandline.OptionsParserTest" time="0.004"/>
  <testcase name="shouldParseCommaSeparatedListOfTargetTestClassGlobs" classname="org.pitest.mutationtest.commandline.OptionsParserTest" time="0.008"/>
  <testcase name="shouldDefaultMatrixFlagToFalse" classname="org.pitest.mutationtest.commandline.OptionsParserTest" time="0.003"/>
  <testcase name="shouldDetermineIfInlinedCodeFlagIsSetWhenFalseSupplied" classname="org.pitest.mutationtest.commandline.OptionsParserTest" time="0.004"/>
  <testcase name="shouldNotIncludeLaunchClasspathWhenFlagUnset" classname="org.pitest.mutationtest.commandline.OptionsParserTest" time="0.007"/>
  <testcase name="shouldParseTimeOutConstant" classname="org.pitest.mutationtest.commandline.OptionsParserTest" time="0.004"/>
  <testcase name="shouldParseTestPlugin" classname="org.pitest.mutationtest.commandline.OptionsParserTest" time="0.004"/>
  <testcase name="shouldParseCoverageThreshold" classname="org.pitest.mutationtest.commandline.OptionsParserTest" time="0.004"/>
  <testcase name="shouldParseCommaSeparatedListOfIncludedTestMethods" classname="org.pitest.mutationtest.commandline.OptionsParserTest" time="0.004"/>
  <testcase name="shouldDetermineIfFailWhenNoMutationsFlagIsSet" classname="org.pitest.mutationtest.commandline.OptionsParserTest" time="0.004"/>
  <testcase name="shouldParseCommaSeparatedListOfSourceDirectories" classname="org.pitest.mutationtest.commandline.OptionsParserTest" time="0.004"/>
  <testcase name="shouldParseCommaSeparatedListOfClassesToAvoidCallTo" classname="org.pitest.mutationtest.commandline.OptionsParserTest" time="0.003"/>
  <testcase name="shouldDetermineIfSuppressTimestampedReportsFlagIsSetWhenFalseSupplied" classname="org.pitest.mutationtest.commandline.OptionsParserTest" time="0.002"/>
  <testcase name="shouldParseCommaSeparatedListOfExcludedTestClassGlobs" classname="org.pitest.mutationtest.commandline.OptionsParserTest" time="0.003"/>
  <testcase name="shouldCreateEmptyPluginPropertiesWhenNoneSupplied" classname="org.pitest.mutationtest.commandline.OptionsParserTest" time="0.003"/>
  <testcase name="shouldParseReportDir" classname="org.pitest.mutationtest.commandline.OptionsParserTest" time="0.002"/>
  <testcase name="shouldParseMatrixFlag" classname="org.pitest.mutationtest.commandline.OptionsParserTest" time="0.003"/>
  <testcase name="shouldParseJVM" classname="org.pitest.mutationtest.commandline.OptionsParserTest" time="0.003"/>
  <testcase name="shouldHandleNotCanonicalLaunchClasspathElements" classname="org.pitest.mutationtest.commandline.OptionsParserTest" time="0.053"/>
  <testcase name="shouldParseMutationUnitSize" classname="org.pitest.mutationtest.commandline.OptionsParserTest" time="0.002"/>
  <testcase name="shouldParseCommaSeparatedListOfExcludedMethods" classname="org.pitest.mutationtest.commandline.OptionsParserTest" time="0.004"/>
  <testcase name="shouldUseTargetClassesFilterForTestsWhenNoTargetTestsFilterSupplied" classname="org.pitest.mutationtest.commandline.OptionsParserTest" time="0.002"/>
  <testcase name="shouldParseCommaSeparatedListOfMutableCodePaths" classname="org.pitest.mutationtest.commandline.OptionsParserTest" time="0.002"/>
  <testcase name="shouldIncludePluginPropertyValuesWhenMultipleKeys" classname="org.pitest.mutationtest.commandline.OptionsParserTest" time="0.003"/>
  <testcase name="shouldDefaultLoggingPackagesToDefaultsDefinedByDefaultMutationConfigFactory" classname="org.pitest.mutationtest.commandline.OptionsParserTest" time="0.002"/>
  <testcase name="shouldNotExportLineCoverageWhenFlagNotSet" classname="org.pitest.mutationtest.commandline.OptionsParserTest" time="0.002"/>
  <testcase name="shouldParseExportLineCoverageFlag" classname="org.pitest.mutationtest.commandline.OptionsParserTest" time="0.002"/>
  <testcase name="shouldNotDetectInlinedCodeByDefault" classname="org.pitest.mutationtest.commandline.OptionsParserTest" time="0.002"/>
  <testcase name="shouldUseClasspathJarWhenFlagSet" classname="org.pitest.mutationtest.commandline.OptionsParserTest" time="0.002"/>
  <testcase name="shouldCreateTimestampedReportsByDefault" classname="org.pitest.mutationtest.commandline.OptionsParserTest" time="0.003"/>
  <testcase name="shouldCreatePredicateFromCommaSeparatedListOfTargetClassGlobs" classname="org.pitest.mutationtest.commandline.OptionsParserTest" time="0.003"/>
  <testcase name="shouldParseCommaSeparatedListOfIncludedTestGroups" classname="org.pitest.mutationtest.commandline.OptionsParserTest" time="0.002"/>
  <testcase name="shouldParseMutationEnigne" classname="org.pitest.mutationtest.commandline.OptionsParserTest" time="0.001"/>
  <testcase name="shouldDefaultToNotUsingAClasspathJar" classname="org.pitest.mutationtest.commandline.OptionsParserTest" time="0.01"/>
  <testcase name="shouldParseTimeOutFactor" classname="org.pitest.mutationtest.commandline.OptionsParserTest" time="0.002"/>
  <testcase name="shouldParseCommaSeparatedListOfMutationOperators" classname="org.pitest.mutationtest.commandline.OptionsParserTest" time="0.005"/>
  <testcase name="shouldParseNumberOfThreads" classname="org.pitest.mutationtest.commandline.OptionsParserTest" time="0.001"/>
  <testcase name="shouldParseCommaSeparatedListOfJVMArgs" classname="org.pitest.mutationtest.commandline.OptionsParserTest" time="0.001"/>
  <testcase name="shouldParseCommaSeparatedListOfExcludedTestGroups" classname="org.pitest.mutationtest.commandline.OptionsParserTest" time="0.002"/>
  <testcase name="shouldDetermineIfInlinedCodeFlagIsSet" classname="org.pitest.mutationtest.commandline.OptionsParserTest" time="0.001"/>
  <testcase name="shouldParseMaximumAllowedSurvivingMutants" classname="org.pitest.mutationtest.commandline.OptionsParserTest" time="0.002"/>
  <testcase name="shouldIncludePluginPropertyValuesWhenSingleKey" classname="org.pitest.mutationtest.commandline.OptionsParserTest" time="0.002"/>
  <testcase name="shouldParseCommaSeparatedListOfFeatures" classname="org.pitest.mutationtest.commandline.OptionsParserTest" time="0.002"/>
  <testcase name="shouldParseCommaSeparatedListOfOutputFormatsWhenSupplied" classname="org.pitest.mutationtest.commandline.OptionsParserTest" time="0.002"/>
  <testcase name="shouldDefaultToNoHistory" classname="org.pitest.mutationtest.commandline.OptionsParserTest" time="0.001"/>
  <testcase name="shouldParseMutationThreshold" classname="org.pitest.mutationtest.commandline.OptionsParserTest" time="0.001"/>
  <testcase name="shouldDetermineIfSuppressTimestampedReportsFlagIsSet" classname="org.pitest.mutationtest.commandline.OptionsParserTest" time="0.001"/>
  <testcase name="shouldParseCommaSeparatedListOfTargetTestClassGlobAsRegex" classname="org.pitest.mutationtest.commandline.OptionsParserTest" time="0.001"/>
  <testcase name="shouldDefaultJVMToNull" classname="org.pitest.mutationtest.commandline.OptionsParserTest" time="0.001"/>
  <testcase name="shouldAcceptCommaSeparatedListOfAdditionalClassPathElements" classname="org.pitest.mutationtest.commandline.OptionsParserTest" time="0.001"/>
  <testcase name="shouldParseCommaSeparatedListOfExcludedClassGlobsAndApplyTheseToTargets" classname="org.pitest.mutationtest.commandline.OptionsParserTest" time="0.002"/>
  <testcase name="shouldParseHistoryInputLocation" classname="org.pitest.mutationtest.commandline.OptionsParserTest" time="0.001"/>
  <testcase name="shouldAcceptFileWithListOfAdditionalClassPathElements" classname="org.pitest.mutationtest.commandline.OptionsParserTest" time="0.001"/>
  <testcase name="shouldParseMaxDepenencyDistance" classname="org.pitest.mutationtest.commandline.OptionsParserTest" time="0.001"/>
</testsuite>